<?xml version="1.0" encoding="UTF-8"?>
<!-- Generated by org.testng.reporters.JUnitReportReporter -->
<testsuite skipped="0" hostname="LAPTOP-CQ9M7OCI" name="com.qa.rest.tests.GetCall" tests="1" failures="0" timestamp="03 Feb 2021 07:05:41 GMT" time="3.334" errors="0">
  <testcase name="test_NoOfCircuitsFor2017Season" time="3.334" classname="com.qa.rest.tests.GetCall"/>
</testsuite> <!-- com.qa.rest.tests.GetCall -->
