<?xml version="1.0" encoding="UTF-8"?>
<!-- Generated by org.testng.reporters.JUnitReportReporter -->
<testsuite skipped="0" hostname="LAPTOP-CQ9M7OCI" name="com.AmazonQA.testcases.SearchTest" tests="1" failures="0" timestamp="19 May 2021 00:24:38 GMT" time="19.370" errors="0">
  <testcase name="test" time="19.370" classname="com.AmazonQA.testcases.SearchTest"/>
</testsuite> <!-- com.AmazonQA.testcases.SearchTest -->
