<?xml version="1.0" encoding="UTF-8"?>
<!-- Generated by org.testng.reporters.JUnitReportReporter -->
<testsuite skipped="0" hostname="LAPTOP-CQ9M7OCI" name="com.AmazonQA.testcases.BaseTest" tests="1" failures="0" timestamp="21 Apr 2021 14:44:20 GMT" time="3.750" errors="0">
  <testcase name="openLink" time="3.750" classname="com.AmazonQA.testcases.BaseTest"/>
</testsuite> <!-- com.AmazonQA.testcases.BaseTest -->
